<?xml version="1.0" encoding="UTF-8"?>
<!-- Generated by org.testng.reporters.JUnitReportReporter -->
<testsuite skipped="0" hostname="LAPTOP-F72N0JFD" name="mygroupId.DepositsTest" tests="1" failures="0" timestamp="20 Jul 2019 18:52:22 GMT" time="0.016" errors="0">
  <testcase name="depositsLogin" time="0.016" classname="mygroupId.DepositsTest"/>
</testsuite> <!-- mygroupId.DepositsTest -->
